<?xml version="1.0" encoding="UTF-8"?>
<coverage generated="1584432517042" clover="3.2.0">
  <project timestamp="1584432517042" name="All files">
    <metrics statements="193" coveredstatements="189" conditionals="50" coveredconditionals="50" methods="61" coveredmethods="57" elements="304" coveredelements="296" complexity="0" loc="193" ncloc="193" packages="11" files="29" classes="29"/>
    <package name="app">
      <metrics statements="7" coveredstatements="7" conditionals="0" coveredconditionals="0" methods="3" coveredmethods="3"/>
      <file name="App.js" path="E:\React-JS\tokopedia-assignment\src\app\App.js">
        <metrics statements="2" coveredstatements="2" conditionals="0" coveredconditionals="0" methods="1" coveredmethods="1"/>
        <line num="8" count="1" type="stmt"/>
        <line num="9" count="1" type="stmt"/>
      </file>
      <file name="RouteConstants.js" path="E:\React-JS\tokopedia-assignment\src\app\RouteConstants.js">
        <metrics statements="1" coveredstatements="1" conditionals="0" coveredconditionals="0" methods="0" coveredmethods="0"/>
        <line num="1" count="5" type="stmt"/>
      </file>
      <file name="Routes.js" path="E:\React-JS\tokopedia-assignment\src\app\Routes.js">
        <metrics statements="4" coveredstatements="4" conditionals="0" coveredconditionals="0" methods="2" coveredmethods="2"/>
        <line num="9" count="1" type="stmt"/>
        <line num="22" count="1" type="stmt"/>
        <line num="23" count="1" type="stmt"/>
        <line num="26" count="2" type="stmt"/>
      </file>
    </package>
    <package name="app.flow.homepage">
      <metrics statements="7" coveredstatements="5" conditionals="0" coveredconditionals="0" methods="3" coveredmethods="1"/>
      <file name="index.js" path="E:\React-JS\tokopedia-assignment\src\app\flow\homepage\index.js">
        <metrics statements="7" coveredstatements="5" conditionals="0" coveredconditionals="0" methods="3" coveredmethods="1"/>
        <line num="8" count="2" type="stmt"/>
        <line num="9" count="1" type="stmt"/>
        <line num="10" count="1" type="stmt"/>
        <line num="11" count="0" type="stmt"/>
        <line num="13" count="1" type="stmt"/>
        <line num="25" count="2" type="stmt"/>
        <line num="26" count="0" type="stmt"/>
      </file>
    </package>
    <package name="app.flow.homepage.components.carouselholder">
      <metrics statements="11" coveredstatements="11" conditionals="6" coveredconditionals="6" methods="4" coveredmethods="4"/>
      <file name="CarouselHolder.js" path="E:\React-JS\tokopedia-assignment\src\app\flow\homepage\components\carouselholder\CarouselHolder.js">
        <metrics statements="7" coveredstatements="7" conditionals="6" coveredconditionals="6" methods="3" coveredmethods="3"/>
        <line num="6" count="4" type="stmt"/>
        <line num="7" count="1" type="stmt"/>
        <line num="15" count="4" type="stmt"/>
        <line num="16" count="2" type="stmt"/>
        <line num="17" count="2" type="stmt"/>
        <line num="36" count="8" type="stmt"/>
        <line num="48" count="4" type="stmt"/>
      </file>
      <file name="config.js" path="E:\React-JS\tokopedia-assignment\src\app\flow\homepage\components\carouselholder\config.js">
        <metrics statements="1" coveredstatements="1" conditionals="0" coveredconditionals="0" methods="0" coveredmethods="0"/>
        <line num="1" count="4" type="stmt"/>
      </file>
      <file name="index.js" path="E:\React-JS\tokopedia-assignment\src\app\flow\homepage\components\carouselholder\index.js">
        <metrics statements="3" coveredstatements="3" conditionals="0" coveredconditionals="0" methods="1" coveredmethods="1"/>
        <line num="4" count="3" type="stmt"/>
        <line num="5" count="1" type="stmt"/>
        <line num="6" count="1" type="stmt"/>
      </file>
    </package>
    <package name="app.flow.homepage.components.productlisting">
      <metrics statements="28" coveredstatements="28" conditionals="8" coveredconditionals="8" methods="8" coveredmethods="8"/>
      <file name="ProductListItem.js" path="E:\React-JS\tokopedia-assignment\src\app\flow\homepage\components\productlisting\ProductListItem.js">
        <metrics statements="4" coveredstatements="4" conditionals="0" coveredconditionals="0" methods="1" coveredmethods="1"/>
        <line num="3" count="5" type="stmt"/>
        <line num="4" count="2" type="stmt"/>
        <line num="5" count="2" type="stmt"/>
        <line num="16" count="5" type="stmt"/>
      </file>
      <file name="ProductListing.js" path="E:\React-JS\tokopedia-assignment\src\app\flow\homepage\components\productlisting\ProductListing.js">
        <metrics statements="19" coveredstatements="19" conditionals="8" coveredconditionals="8" methods="6" coveredmethods="6"/>
        <line num="10" count="3" type="stmt"/>
        <line num="11" count="1" type="stmt"/>
        <line num="12" count="1" type="stmt"/>
        <line num="13" count="1" type="stmt"/>
        <line num="15" count="3" type="stmt"/>
        <line num="16" count="4" type="stmt"/>
        <line num="17" count="4" type="cond" truecount="2" falsecount="0"/>
        <line num="18" count="2" type="stmt"/>
        <line num="19" count="20" type="stmt"/>
        <line num="26" count="3" type="stmt"/>
        <line num="27" count="4" type="stmt"/>
        <line num="28" count="4" type="stmt"/>
        <line num="35" count="3" type="stmt"/>
        <line num="36" count="3" type="cond" truecount="2" falsecount="0"/>
        <line num="37" count="1" type="stmt"/>
        <line num="39" count="3" type="stmt"/>
        <line num="43" count="4" type="stmt"/>
        <line num="44" count="4" type="stmt"/>
        <line num="58" count="4" type="stmt"/>
      </file>
      <file name="constants.js" path="E:\React-JS\tokopedia-assignment\src\app\flow\homepage\components\productlisting\constants.js">
        <metrics statements="1" coveredstatements="1" conditionals="0" coveredconditionals="0" methods="0" coveredmethods="0"/>
        <line num="1" count="4" type="stmt"/>
      </file>
      <file name="index.js" path="E:\React-JS\tokopedia-assignment\src\app\flow\homepage\components\productlisting\index.js">
        <metrics statements="4" coveredstatements="4" conditionals="0" coveredconditionals="0" methods="1" coveredmethods="1"/>
        <line num="5" count="3" type="stmt"/>
        <line num="6" count="1" type="stmt"/>
        <line num="7" count="1" type="stmt"/>
        <line num="14" count="3" type="stmt"/>
      </file>
    </package>
    <package name="app.flow.productdetailspage">
      <metrics statements="6" coveredstatements="4" conditionals="0" coveredconditionals="0" methods="3" coveredmethods="1"/>
      <file name="index.js" path="E:\React-JS\tokopedia-assignment\src\app\flow\productdetailspage\index.js">
        <metrics statements="6" coveredstatements="4" conditionals="0" coveredconditionals="0" methods="3" coveredmethods="1"/>
        <line num="8" count="2" type="stmt"/>
        <line num="9" count="1" type="stmt"/>
        <line num="10" count="1" type="stmt"/>
        <line num="12" count="0" type="stmt"/>
        <line num="21" count="2" type="stmt"/>
        <line num="22" count="0" type="stmt"/>
      </file>
    </package>
    <package name="app.flow.productdetailspage.components.productdetails">
      <metrics statements="31" coveredstatements="31" conditionals="9" coveredconditionals="9" methods="7" coveredmethods="7"/>
      <file name="ProductDetails.js" path="E:\React-JS\tokopedia-assignment\src\app\flow\productdetailspage\components\productdetails\ProductDetails.js">
        <metrics statements="11" coveredstatements="11" conditionals="9" coveredconditionals="9" methods="3" coveredmethods="3"/>
        <line num="11" count="2" type="stmt"/>
        <line num="12" count="2" type="cond" truecount="5" falsecount="0"/>
        <line num="13" count="1" type="stmt"/>
        <line num="15" count="2" type="stmt"/>
        <line num="17" count="2" type="stmt"/>
        <line num="18" count="3" type="stmt"/>
        <line num="19" count="3" type="cond" truecount="2" falsecount="0"/>
        <line num="20" count="2" type="stmt"/>
        <line num="32" count="3" type="stmt"/>
        <line num="33" count="3" type="stmt"/>
        <line num="42" count="4" type="stmt"/>
      </file>
      <file name="ProductImage.js" path="E:\React-JS\tokopedia-assignment\src\app\flow\productdetailspage\components\productdetails\ProductImage.js">
        <metrics statements="4" coveredstatements="4" conditionals="0" coveredconditionals="0" methods="1" coveredmethods="1"/>
        <line num="3" count="5" type="stmt"/>
        <line num="4" count="1" type="stmt"/>
        <line num="5" count="1" type="stmt"/>
        <line num="13" count="5" type="stmt"/>
      </file>
      <file name="ProductInfo.js" path="E:\React-JS\tokopedia-assignment\src\app\flow\productdetailspage\components\productdetails\ProductInfo.js">
        <metrics statements="11" coveredstatements="11" conditionals="0" coveredconditionals="0" methods="2" coveredmethods="2"/>
        <line num="6" count="5" type="stmt"/>
        <line num="7" count="1" type="stmt"/>
        <line num="8" count="1" type="stmt"/>
        <line num="9" count="4" type="stmt"/>
        <line num="16" count="1" type="stmt"/>
        <line num="18" count="5" type="stmt"/>
        <line num="21" count="5" type="stmt"/>
        <line num="26" count="5" type="stmt"/>
        <line num="27" count="1" type="stmt"/>
        <line num="28" count="1" type="stmt"/>
        <line num="55" count="5" type="stmt"/>
      </file>
      <file name="constants.js" path="E:\React-JS\tokopedia-assignment\src\app\flow\productdetailspage\components\productdetails\constants.js">
        <metrics statements="1" coveredstatements="1" conditionals="0" coveredconditionals="0" methods="0" coveredmethods="0"/>
        <line num="1" count="5" type="stmt"/>
      </file>
      <file name="index.js" path="E:\React-JS\tokopedia-assignment\src\app\flow\productdetailspage\components\productdetails\index.js">
        <metrics statements="4" coveredstatements="4" conditionals="0" coveredconditionals="0" methods="1" coveredmethods="1"/>
        <line num="5" count="3" type="stmt"/>
        <line num="6" count="1" type="stmt"/>
        <line num="7" count="1" type="stmt"/>
        <line num="13" count="3" type="stmt"/>
      </file>
    </package>
    <package name="app.helpers">
      <metrics statements="7" coveredstatements="7" conditionals="0" coveredconditionals="0" methods="3" coveredmethods="3"/>
      <file name="APIs.js" path="E:\React-JS\tokopedia-assignment\src\app\helpers\APIs.js">
        <metrics statements="7" coveredstatements="7" conditionals="0" coveredconditionals="0" methods="3" coveredmethods="3"/>
        <line num="3" count="7" type="stmt"/>
        <line num="5" count="7" type="stmt"/>
        <line num="6" count="2" type="stmt"/>
        <line num="9" count="7" type="stmt"/>
        <line num="10" count="2" type="stmt"/>
        <line num="13" count="7" type="stmt"/>
        <line num="14" count="2" type="stmt"/>
      </file>
    </package>
    <package name="app.shared.components.footer">
      <metrics statements="9" coveredstatements="9" conditionals="0" coveredconditionals="0" methods="5" coveredmethods="5"/>
      <file name="constants.js" path="E:\React-JS\tokopedia-assignment\src\app\shared\components\footer\constants.js">
        <metrics statements="2" coveredstatements="2" conditionals="0" coveredconditionals="0" methods="0" coveredmethods="0"/>
        <line num="1" count="4" type="stmt"/>
        <line num="7" count="4" type="stmt"/>
      </file>
      <file name="index.js" path="E:\React-JS\tokopedia-assignment\src\app\shared\components\footer\index.js">
        <metrics statements="7" coveredstatements="7" conditionals="0" coveredconditionals="0" methods="5" coveredmethods="5"/>
        <line num="5" count="4" type="stmt"/>
        <line num="6" count="1" type="stmt"/>
        <line num="7" count="14" type="stmt"/>
        <line num="9" count="1" type="stmt"/>
        <line num="10" count="1" type="stmt"/>
        <line num="11" count="4" type="stmt"/>
        <line num="19" count="1" type="stmt"/>
      </file>
    </package>
    <package name="app.shared.components.header">
      <metrics statements="11" coveredstatements="11" conditionals="4" coveredconditionals="4" methods="3" coveredmethods="3"/>
      <file name="Header.js" path="E:\React-JS\tokopedia-assignment\src\app\shared\components\header\Header.js">
        <metrics statements="6" coveredstatements="6" conditionals="4" coveredconditionals="4" methods="2" coveredmethods="2"/>
        <line num="7" count="3" type="stmt"/>
        <line num="8" count="3" type="cond" truecount="2" falsecount="0"/>
        <line num="9" count="1" type="stmt"/>
        <line num="14" count="3" type="stmt"/>
        <line num="15" count="3" type="stmt"/>
        <line num="33" count="5" type="stmt"/>
      </file>
      <file name="constants.js" path="E:\React-JS\tokopedia-assignment\src\app\shared\components\header\constants.js">
        <metrics statements="1" coveredstatements="1" conditionals="0" coveredconditionals="0" methods="0" coveredmethods="0"/>
        <line num="1" count="5" type="stmt"/>
      </file>
      <file name="index.js" path="E:\React-JS\tokopedia-assignment\src\app\shared\components\header\index.js">
        <metrics statements="4" coveredstatements="4" conditionals="0" coveredconditionals="0" methods="1" coveredmethods="1"/>
        <line num="5" count="4" type="stmt"/>
        <line num="6" count="1" type="stmt"/>
        <line num="7" count="1" type="stmt"/>
        <line num="12" count="4" type="stmt"/>
      </file>
    </package>
    <package name="app.shared.components.shimmer">
      <metrics statements="10" coveredstatements="10" conditionals="4" coveredconditionals="4" methods="2" coveredmethods="2"/>
      <file name="DetailsShimmer.js" path="E:\React-JS\tokopedia-assignment\src\app\shared\components\shimmer\DetailsShimmer.js">
        <metrics statements="2" coveredstatements="2" conditionals="0" coveredconditionals="0" methods="1" coveredmethods="1"/>
        <line num="5" count="5" type="stmt"/>
        <line num="6" count="1" type="stmt"/>
      </file>
      <file name="Shimmer.js" path="E:\React-JS\tokopedia-assignment\src\app\shared\components\shimmer\Shimmer.js">
        <metrics statements="8" coveredstatements="8" conditionals="4" coveredconditionals="4" methods="1" coveredmethods="1"/>
        <line num="4" count="9" type="stmt"/>
        <line num="5" count="2" type="stmt"/>
        <line num="6" count="2" type="stmt"/>
        <line num="7" count="2" type="stmt"/>
        <line num="8" count="3" type="stmt"/>
        <line num="23" count="2" type="stmt"/>
        <line num="25" count="9" type="stmt"/>
        <line num="30" count="9" type="stmt"/>
      </file>
    </package>
    <package name="app.store">
      <metrics statements="66" coveredstatements="66" conditionals="19" coveredconditionals="19" methods="20" coveredmethods="20"/>
      <file name="actionTypes.js" path="E:\React-JS\tokopedia-assignment\src\app\store\actionTypes.js">
        <metrics statements="5" coveredstatements="5" conditionals="0" coveredconditionals="0" methods="0" coveredmethods="0"/>
        <line num="1" count="8" type="stmt"/>
        <line num="3" count="8" type="stmt"/>
        <line num="4" count="8" type="stmt"/>
        <line num="6" count="8" type="stmt"/>
        <line num="7" count="8" type="stmt"/>
      </file>
      <file name="actions.js" path="E:\React-JS\tokopedia-assignment\src\app\store\actions.js">
        <metrics statements="41" coveredstatements="41" conditionals="6" coveredconditionals="6" methods="17" coveredmethods="17"/>
        <line num="5" count="7" type="stmt"/>
        <line num="6" count="3" type="stmt"/>
        <line num="12" count="7" type="stmt"/>
        <line num="13" count="1" type="stmt"/>
        <line num="19" count="7" type="stmt"/>
        <line num="20" count="3" type="stmt"/>
        <line num="21" count="3" type="stmt"/>
        <line num="22" count="3" type="stmt"/>
        <line num="23" count="3" type="cond" truecount="4" falsecount="0"/>
        <line num="24" count="2" type="stmt"/>
        <line num="25" count="2" type="stmt"/>
        <line num="26" count="1" type="stmt"/>
        <line num="27" count="1" type="stmt"/>
        <line num="29" count="1" type="stmt"/>
        <line num="30" count="1" type="stmt"/>
        <line num="31" count="1" type="stmt"/>
        <line num="38" count="7" type="stmt"/>
        <line num="39" count="3" type="stmt"/>
        <line num="45" count="7" type="stmt"/>
        <line num="46" count="1" type="stmt"/>
        <line num="52" count="7" type="stmt"/>
        <line num="53" count="3" type="stmt"/>
        <line num="54" count="3" type="stmt"/>
        <line num="55" count="3" type="stmt"/>
        <line num="56" count="3" type="cond" truecount="2" falsecount="0"/>
        <line num="57" count="2" type="stmt"/>
        <line num="58" count="2" type="stmt"/>
        <line num="59" count="1" type="stmt"/>
        <line num="60" count="1" type="stmt"/>
        <line num="62" count="1" type="stmt"/>
        <line num="63" count="1" type="stmt"/>
        <line num="64" count="1" type="stmt"/>
        <line num="70" count="7" type="stmt"/>
        <line num="71" count="1" type="stmt"/>
        <line num="76" count="7" type="stmt"/>
        <line num="77" count="2" type="stmt"/>
        <line num="78" count="2" type="stmt"/>
        <line num="79" count="1" type="stmt"/>
        <line num="80" count="1" type="stmt"/>
        <line num="82" count="1" type="stmt"/>
        <line num="83" count="1" type="stmt"/>
      </file>
      <file name="reducer.js" path="E:\React-JS\tokopedia-assignment\src\app\store\reducer.js">
        <metrics statements="17" coveredstatements="17" conditionals="13" coveredconditionals="13" methods="3" coveredmethods="3"/>
        <line num="4" count="3" type="stmt"/>
        <line num="8" count="3" type="stmt"/>
        <line num="13" count="3" type="stmt"/>
        <line num="18" count="3" type="cond" truecount="1" falsecount="0"/>
        <line num="19" count="9" type="cond" truecount="2" falsecount="0"/>
        <line num="21" count="1" type="stmt"/>
        <line num="27" count="8" type="stmt"/>
        <line num="30" count="3" type="cond" truecount="1" falsecount="0"/>
        <line num="31" count="11" type="cond" truecount="3" falsecount="0"/>
        <line num="33" count="1" type="stmt"/>
        <line num="38" count="2" type="stmt"/>
        <line num="48" count="8" type="stmt"/>
        <line num="51" count="3" type="cond" truecount="1" falsecount="0"/>
        <line num="52" count="10" type="cond" truecount="3" falsecount="0"/>
        <line num="54" count="1" type="stmt"/>
        <line num="60" count="1" type="stmt"/>
        <line num="66" count="8" type="stmt"/>
      </file>
      <file name="store.js" path="E:\React-JS\tokopedia-assignment\src\app\store\store.js">
        <metrics statements="3" coveredstatements="3" conditionals="0" coveredconditionals="0" methods="0" coveredmethods="0"/>
        <line num="6" count="1" type="stmt"/>
        <line num="7" count="1" type="stmt"/>
        <line num="9" count="1" type="stmt"/>
      </file>
    </package>
  </project>
</coverage>
