{"E:\\React-JS\\tokopedia-assignment\\src\\app\\App.js": {"path":"E:\\React-JS\\tokopedia-assignment\\src\\app\\App.js","statementMap":{"0":{"start":{"line":8,"column":12},"end":{"line":16,"column":1}},"1":{"start":{"line":9,"column":4},"end":{"line":15,"column":6}}},"fnMap":{"0":{"name":"(anonymous_0)","decl":{"start":{"line":8,"column":12},"end":{"line":8,"column":13}},"loc":{"start":{"line":8,"column":18},"end":{"line":16,"column":1}},"line":8}},"branchMap":{},"s":{"0":1,"1":1},"f":{"0":1},"b":{},"_coverageSchema":"1a1c01bbd47fc00a2c39e90264f33305004495a9","hash":"c90cd83f9e353c07a62d1a846e1665331eecbc99"}
,"E:\\React-JS\\tokopedia-assignment\\src\\app\\RouteConstants.js": {"path":"E:\\React-JS\\tokopedia-assignment\\src\\app\\RouteConstants.js","statementMap":{"0":{"start":{"line":1,"column":27},"end":{"line":4,"column":1}}},"fnMap":{},"branchMap":{},"s":{"0":5},"f":{},"b":{},"_coverageSchema":"1a1c01bbd47fc00a2c39e90264f33305004495a9","hash":"dbf11cb21078f7c0857c06c1f0d5278453938898"}
,"E:\\React-JS\\tokopedia-assignment\\src\\app\\Routes.js": {"path":"E:\\React-JS\\tokopedia-assignment\\src\\app\\Routes.js","statementMap":{"0":{"start":{"line":9,"column":22},"end":{"line":21,"column":1}},"1":{"start":{"line":22,"column":15},"end":{"line":30,"column":1}},"2":{"start":{"line":23,"column":4},"end":{"line":29,"column":6}},"3":{"start":{"line":26,"column":40},"end":{"line":26,"column":83}}},"fnMap":{"0":{"name":"(anonymous_0)","decl":{"start":{"line":22,"column":15},"end":{"line":22,"column":16}},"loc":{"start":{"line":22,"column":21},"end":{"line":30,"column":1}},"line":22},"1":{"name":"(anonymous_1)","decl":{"start":{"line":26,"column":28},"end":{"line":26,"column":29}},"loc":{"start":{"line":26,"column":40},"end":{"line":26,"column":83}},"line":26}},"branchMap":{},"s":{"0":1,"1":1,"2":1,"3":2},"f":{"0":1,"1":2},"b":{},"_coverageSchema":"1a1c01bbd47fc00a2c39e90264f33305004495a9","hash":"a28debbb97040898d55e3e33df40e1c1b93f094a"}
,"E:\\React-JS\\tokopedia-assignment\\src\\app\\flow\\homepage\\index.js": {"path":"E:\\React-JS\\tokopedia-assignment\\src\\app\\flow\\homepage\\index.js","statementMap":{"0":{"start":{"line":8,"column":17},"end":{"line":21,"column":1}},"1":{"start":{"line":9,"column":34},"end":{"line":9,"column":39}},"2":{"start":{"line":10,"column":21},"end":{"line":12,"column":5}},"3":{"start":{"line":11,"column":8},"end":{"line":11,"column":23}},"4":{"start":{"line":13,"column":4},"end":{"line":20,"column":5}},"5":{"start":{"line":25,"column":32},"end":{"line":27,"column":1}},"6":{"start":{"line":26,"column":4},"end":{"line":26,"column":43}}},"fnMap":{"0":{"name":"(anonymous_0)","decl":{"start":{"line":8,"column":17},"end":{"line":8,"column":18}},"loc":{"start":{"line":8,"column":28},"end":{"line":21,"column":1}},"line":8},"1":{"name":"(anonymous_1)","decl":{"start":{"line":10,"column":21},"end":{"line":10,"column":22}},"loc":{"start":{"line":10,"column":35},"end":{"line":12,"column":5}},"line":10},"2":{"name":"(anonymous_2)","decl":{"start":{"line":25,"column":32},"end":{"line":25,"column":33}},"loc":{"start":{"line":25,"column":51},"end":{"line":27,"column":1}},"line":25}},"branchMap":{},"s":{"0":2,"1":1,"2":1,"3":0,"4":1,"5":2,"6":0},"f":{"0":1,"1":0,"2":0},"b":{},"_coverageSchema":"1a1c01bbd47fc00a2c39e90264f33305004495a9","hash":"55fe0661d3e0c9d2e5887a71969a6ac0415d0b5a"}
,"E:\\React-JS\\tokopedia-assignment\\src\\app\\flow\\homepage\\components\\carouselholder\\CarouselHolder.js": {"path":"E:\\React-JS\\tokopedia-assignment\\src\\app\\flow\\homepage\\components\\carouselholder\\CarouselHolder.js","statementMap":{"0":{"start":{"line":6,"column":20},"end":{"line":14,"column":1}},"1":{"start":{"line":7,"column":4},"end":{"line":13,"column":6}},"2":{"start":{"line":15,"column":23},"end":{"line":47,"column":1}},"3":{"start":{"line":16,"column":29},"end":{"line":16,"column":34}},"4":{"start":{"line":17,"column":4},"end":{"line":46,"column":5}},"5":{"start":{"line":36,"column":24},"end":{"line":41,"column":25}},"6":{"start":{"line":48,"column":0},"end":{"line":55,"column":1}}},"fnMap":{"0":{"name":"(anonymous_0)","decl":{"start":{"line":6,"column":20},"end":{"line":6,"column":21}},"loc":{"start":{"line":6,"column":58},"end":{"line":14,"column":1}},"line":6},"1":{"name":"(anonymous_1)","decl":{"start":{"line":15,"column":23},"end":{"line":15,"column":24}},"loc":{"start":{"line":15,"column":34},"end":{"line":47,"column":1}},"line":15},"2":{"name":"(anonymous_2)","decl":{"start":{"line":35,"column":37},"end":{"line":35,"column":38}},"loc":{"start":{"line":35,"column":60},"end":{"line":42,"column":21}},"line":35}},"branchMap":{"0":{"loc":{"start":{"line":37,"column":76},"end":{"line":37,"column":86}},"type":"binary-expr","locations":[{"start":{"line":37,"column":76},"end":{"line":37,"column":81}},{"start":{"line":37,"column":85},"end":{"line":37,"column":86}}],"line":37},"1":{"loc":{"start":{"line":38,"column":73},"end":{"line":38,"column":82}},"type":"binary-expr","locations":[{"start":{"line":38,"column":73},"end":{"line":38,"column":76}},{"start":{"line":38,"column":80},"end":{"line":38,"column":82}}],"line":38},"2":{"loc":{"start":{"line":39,"column":71},"end":{"line":39,"column":82}},"type":"binary-expr","locations":[{"start":{"line":39,"column":71},"end":{"line":39,"column":76}},{"start":{"line":39,"column":80},"end":{"line":39,"column":82}}],"line":39}},"s":{"0":4,"1":1,"2":4,"3":2,"4":2,"5":8,"6":4},"f":{"0":1,"1":2,"2":8},"b":{"0":[8,3],"1":[8,3],"2":[8,3]},"_coverageSchema":"1a1c01bbd47fc00a2c39e90264f33305004495a9","hash":"eb90d1705a1f083341a49681170b6bc2945ed57e"}
,"E:\\React-JS\\tokopedia-assignment\\src\\app\\flow\\homepage\\components\\carouselholder\\config.js": {"path":"E:\\React-JS\\tokopedia-assignment\\src\\app\\flow\\homepage\\components\\carouselholder\\config.js","statementMap":{"0":{"start":{"line":1,"column":26},"end":{"line":6,"column":1}}},"fnMap":{},"branchMap":{},"s":{"0":4},"f":{},"b":{},"_coverageSchema":"1a1c01bbd47fc00a2c39e90264f33305004495a9","hash":"dcf86a1edd62fb31af02fa4ee1460cba8ae55b08"}
,"E:\\React-JS\\tokopedia-assignment\\src\\app\\flow\\homepage\\components\\carouselholder\\index.js": {"path":"E:\\React-JS\\tokopedia-assignment\\src\\app\\flow\\homepage\\components\\carouselholder\\index.js","statementMap":{"0":{"start":{"line":4,"column":24},"end":{"line":9,"column":1}},"1":{"start":{"line":5,"column":29},"end":{"line":5,"column":45}},"2":{"start":{"line":6,"column":4},"end":{"line":8,"column":5}}},"fnMap":{"0":{"name":"(anonymous_0)","decl":{"start":{"line":4,"column":24},"end":{"line":4,"column":25}},"loc":{"start":{"line":4,"column":35},"end":{"line":9,"column":1}},"line":4}},"branchMap":{},"s":{"0":3,"1":1,"2":1},"f":{"0":1},"b":{},"_coverageSchema":"1a1c01bbd47fc00a2c39e90264f33305004495a9","hash":"a1fc66c91b3e2ca0219662492d4b94ab8b0cf20d"}
,"E:\\React-JS\\tokopedia-assignment\\src\\app\\flow\\homepage\\components\\productlisting\\ProductListItem.js": {"path":"E:\\React-JS\\tokopedia-assignment\\src\\app\\flow\\homepage\\components\\productlisting\\ProductListItem.js","statementMap":{"0":{"start":{"line":3,"column":24},"end":{"line":14,"column":1}},"1":{"start":{"line":4,"column":47},"end":{"line":4,"column":52}},"2":{"start":{"line":5,"column":4},"end":{"line":13,"column":5}},"3":{"start":{"line":16,"column":0},"end":{"line":22,"column":1}}},"fnMap":{"0":{"name":"(anonymous_0)","decl":{"start":{"line":3,"column":24},"end":{"line":3,"column":25}},"loc":{"start":{"line":3,"column":35},"end":{"line":14,"column":1}},"line":3}},"branchMap":{},"s":{"0":5,"1":2,"2":2,"3":5},"f":{"0":2},"b":{},"_coverageSchema":"1a1c01bbd47fc00a2c39e90264f33305004495a9","hash":"050ba6c4ad785201400ddc70241bc873aec326e1"}
,"E:\\React-JS\\tokopedia-assignment\\src\\app\\flow\\homepage\\components\\productlisting\\ProductListing.js": {"path":"E:\\React-JS\\tokopedia-assignment\\src\\app\\flow\\homepage\\components\\productlisting\\ProductListing.js","statementMap":{"0":{"start":{"line":10,"column":28},"end":{"line":14,"column":5}},"1":{"start":{"line":11,"column":29},"end":{"line":11,"column":39}},"2":{"start":{"line":12,"column":19},"end":{"line":12,"column":58}},"3":{"start":{"line":13,"column":8},"end":{"line":13,"column":62}},"4":{"start":{"line":15,"column":27},"end":{"line":25,"column":5}},"5":{"start":{"line":16,"column":33},"end":{"line":16,"column":43}},"6":{"start":{"line":17,"column":8},"end":{"line":17,"column":41}},"7":{"start":{"line":17,"column":34},"end":{"line":17,"column":41}},"8":{"start":{"line":18,"column":8},"end":{"line":24,"column":11}},"9":{"start":{"line":19,"column":12},"end":{"line":23,"column":14}},"10":{"start":{"line":26,"column":23},"end":{"line":33,"column":5}},"11":{"start":{"line":27,"column":44},"end":{"line":27,"column":54}},"12":{"start":{"line":28,"column":8},"end":{"line":32,"column":10}},"13":{"start":{"line":35,"column":48},"end":{"line":35,"column":58}},"14":{"start":{"line":36,"column":8},"end":{"line":38,"column":9}},"15":{"start":{"line":37,"column":12},"end":{"line":37,"column":28}},"16":{"start":{"line":39,"column":8},"end":{"line":39,"column":30}},"17":{"start":{"line":43,"column":39},"end":{"line":43,"column":49}},"18":{"start":{"line":44,"column":8},"end":{"line":54,"column":10}},"19":{"start":{"line":58,"column":0},"end":{"line":68,"column":1}}},"fnMap":{"0":{"name":"(anonymous_0)","decl":{"start":{"line":10,"column":28},"end":{"line":10,"column":29}},"loc":{"start":{"line":10,"column":35},"end":{"line":14,"column":5}},"line":10},"1":{"name":"(anonymous_1)","decl":{"start":{"line":15,"column":27},"end":{"line":15,"column":28}},"loc":{"start":{"line":15,"column":33},"end":{"line":25,"column":5}},"line":15},"2":{"name":"(anonymous_2)","decl":{"start":{"line":18,"column":32},"end":{"line":18,"column":33}},"loc":{"start":{"line":19,"column":12},"end":{"line":23,"column":14}},"line":19},"3":{"name":"(anonymous_3)","decl":{"start":{"line":26,"column":23},"end":{"line":26,"column":24}},"loc":{"start":{"line":26,"column":29},"end":{"line":33,"column":5}},"line":26},"4":{"name":"(anonymous_4)","decl":{"start":{"line":34,"column":4},"end":{"line":34,"column":5}},"loc":{"start":{"line":34,"column":24},"end":{"line":40,"column":5}},"line":34},"5":{"name":"(anonymous_5)","decl":{"start":{"line":42,"column":4},"end":{"line":42,"column":5}},"loc":{"start":{"line":42,"column":13},"end":{"line":55,"column":5}},"line":42}},"branchMap":{"0":{"loc":{"start":{"line":17,"column":8},"end":{"line":17,"column":41}},"type":"if","locations":[{"start":{"line":17,"column":8},"end":{"line":17,"column":41}},{"start":{"line":17,"column":8},"end":{"line":17,"column":41}}],"line":17},"1":{"loc":{"start":{"line":29,"column":12},"end":{"line":31,"column":85}},"type":"cond-expr","locations":[{"start":{"line":30,"column":16},"end":{"line":30,"column":113}},{"start":{"line":31,"column":16},"end":{"line":31,"column":85}}],"line":29},"2":{"loc":{"start":{"line":36,"column":8},"end":{"line":38,"column":9}},"type":"if","locations":[{"start":{"line":36,"column":8},"end":{"line":38,"column":9}},{"start":{"line":36,"column":8},"end":{"line":38,"column":9}}],"line":36},"3":{"loc":{"start":{"line":51,"column":17},"end":{"line":51,"column":61}},"type":"binary-expr","locations":[{"start":{"line":51,"column":17},"end":{"line":51,"column":35}},{"start":{"line":51,"column":39},"end":{"line":51,"column":61}}],"line":51}},"s":{"0":3,"1":1,"2":1,"3":1,"4":3,"5":4,"6":4,"7":2,"8":2,"9":20,"10":3,"11":4,"12":4,"13":3,"14":3,"15":1,"16":3,"17":4,"18":4,"19":4},"f":{"0":1,"1":4,"2":20,"3":4,"4":3,"5":4},"b":{"0":[2,2],"1":[3,1],"2":[1,2],"3":[4,1]},"_coverageSchema":"1a1c01bbd47fc00a2c39e90264f33305004495a9","hash":"f18cf8906c1afe888e2fe2767ed4695b74fc00de"}
,"E:\\React-JS\\tokopedia-assignment\\src\\app\\flow\\homepage\\components\\productlisting\\constants.js": {"path":"E:\\React-JS\\tokopedia-assignment\\src\\app\\flow\\homepage\\components\\productlisting\\constants.js","statementMap":{"0":{"start":{"line":1,"column":30},"end":{"line":5,"column":1}}},"fnMap":{},"branchMap":{},"s":{"0":4},"f":{},"b":{},"_coverageSchema":"1a1c01bbd47fc00a2c39e90264f33305004495a9","hash":"c6e85402881bd26b51ffe261664e0363955932d5"}
,"E:\\React-JS\\tokopedia-assignment\\src\\app\\flow\\homepage\\components\\productlisting\\index.js": {"path":"E:\\React-JS\\tokopedia-assignment\\src\\app\\flow\\homepage\\components\\productlisting\\index.js","statementMap":{"0":{"start":{"line":5,"column":24},"end":{"line":12,"column":1}},"1":{"start":{"line":6,"column":59},"end":{"line":6,"column":80}},"2":{"start":{"line":7,"column":4},"end":{"line":11,"column":5}},"3":{"start":{"line":14,"column":27},"end":{"line":14,"column":44}}},"fnMap":{"0":{"name":"(anonymous_0)","decl":{"start":{"line":5,"column":24},"end":{"line":5,"column":25}},"loc":{"start":{"line":5,"column":35},"end":{"line":12,"column":1}},"line":5}},"branchMap":{},"s":{"0":3,"1":1,"2":1,"3":3},"f":{"0":1},"b":{},"_coverageSchema":"1a1c01bbd47fc00a2c39e90264f33305004495a9","hash":"c4ab98ca424d4807035111fafd3bf261a2c2b46b"}
,"E:\\React-JS\\tokopedia-assignment\\src\\app\\flow\\productdetailspage\\index.js": {"path":"E:\\React-JS\\tokopedia-assignment\\src\\app\\flow\\productdetailspage\\index.js","statementMap":{"0":{"start":{"line":8,"column":27},"end":{"line":17,"column":1}},"1":{"start":{"line":9,"column":61},"end":{"line":9,"column":66}},"2":{"start":{"line":10,"column":4},"end":{"line":16,"column":6}},"3":{"start":{"line":12,"column":36},"end":{"line":12,"column":63}},"4":{"start":{"line":21,"column":38},"end":{"line":23,"column":1}},"5":{"start":{"line":22,"column":4},"end":{"line":22,"column":51}}},"fnMap":{"0":{"name":"(anonymous_0)","decl":{"start":{"line":8,"column":27},"end":{"line":8,"column":28}},"loc":{"start":{"line":8,"column":38},"end":{"line":17,"column":1}},"line":8},"1":{"name":"(anonymous_1)","decl":{"start":{"line":12,"column":30},"end":{"line":12,"column":31}},"loc":{"start":{"line":12,"column":36},"end":{"line":12,"column":63}},"line":12},"2":{"name":"(anonymous_2)","decl":{"start":{"line":21,"column":38},"end":{"line":21,"column":39}},"loc":{"start":{"line":21,"column":69},"end":{"line":23,"column":1}},"line":21}},"branchMap":{},"s":{"0":2,"1":1,"2":1,"3":0,"4":2,"5":0},"f":{"0":1,"1":0,"2":0},"b":{},"_coverageSchema":"1a1c01bbd47fc00a2c39e90264f33305004495a9","hash":"d54d38fbcdddf90cc847688064bd8ccecbe8943c"}
,"E:\\React-JS\\tokopedia-assignment\\src\\app\\flow\\productdetailspage\\components\\productdetails\\ProductDetails.js": {"path":"E:\\React-JS\\tokopedia-assignment\\src\\app\\flow\\productdetailspage\\components\\productdetails\\ProductDetails.js","statementMap":{"0":{"start":{"line":11,"column":60},"end":{"line":11,"column":70}},"1":{"start":{"line":12,"column":8},"end":{"line":14,"column":9}},"2":{"start":{"line":13,"column":12},"end":{"line":13,"column":36}},"3":{"start":{"line":15,"column":8},"end":{"line":15,"column":30}},"4":{"start":{"line":17,"column":26},"end":{"line":30,"column":5}},"5":{"start":{"line":18,"column":35},"end":{"line":18,"column":45}},"6":{"start":{"line":19,"column":8},"end":{"line":19,"column":36}},"7":{"start":{"line":19,"column":29},"end":{"line":19,"column":36}},"8":{"start":{"line":20,"column":8},"end":{"line":29,"column":9}},"9":{"start":{"line":32,"column":38},"end":{"line":32,"column":48}},"10":{"start":{"line":33,"column":8},"end":{"line":39,"column":10}},"11":{"start":{"line":42,"column":0},"end":{"line":54,"column":1}}},"fnMap":{"0":{"name":"(anonymous_0)","decl":{"start":{"line":10,"column":4},"end":{"line":10,"column":5}},"loc":{"start":{"line":10,"column":24},"end":{"line":16,"column":5}},"line":10},"1":{"name":"(anonymous_1)","decl":{"start":{"line":17,"column":26},"end":{"line":17,"column":27}},"loc":{"start":{"line":17,"column":32},"end":{"line":30,"column":5}},"line":17},"2":{"name":"(anonymous_2)","decl":{"start":{"line":31,"column":4},"end":{"line":31,"column":5}},"loc":{"start":{"line":31,"column":13},"end":{"line":40,"column":5}},"line":31}},"branchMap":{"0":{"loc":{"start":{"line":12,"column":8},"end":{"line":14,"column":9}},"type":"if","locations":[{"start":{"line":12,"column":8},"end":{"line":14,"column":9}},{"start":{"line":12,"column":8},"end":{"line":14,"column":9}}],"line":12},"1":{"loc":{"start":{"line":12,"column":12},"end":{"line":12,"column":75}},"type":"binary-expr","locations":[{"start":{"line":12,"column":12},"end":{"line":12,"column":27}},{"start":{"line":12,"column":32},"end":{"line":12,"column":46}},{"start":{"line":12,"column":50},"end":{"line":12,"column":74}}],"line":12},"2":{"loc":{"start":{"line":19,"column":8},"end":{"line":19,"column":36}},"type":"if","locations":[{"start":{"line":19,"column":8},"end":{"line":19,"column":36}},{"start":{"line":19,"column":8},"end":{"line":19,"column":36}}],"line":19},"3":{"loc":{"start":{"line":36,"column":17},"end":{"line":36,"column":56}},"type":"binary-expr","locations":[{"start":{"line":36,"column":17},"end":{"line":36,"column":34}},{"start":{"line":36,"column":38},"end":{"line":36,"column":56}}],"line":36}},"s":{"0":2,"1":2,"2":1,"3":2,"4":2,"5":3,"6":3,"7":1,"8":2,"9":3,"10":3,"11":4},"f":{"0":2,"1":3,"2":3},"b":{"0":[1,1],"1":[2,2,2],"2":[1,2],"3":[3,1]},"_coverageSchema":"1a1c01bbd47fc00a2c39e90264f33305004495a9","hash":"2a0056d46467b0f8e14a5a7cb757fc5e0b18cfd7"}
,"E:\\React-JS\\tokopedia-assignment\\src\\app\\flow\\productdetailspage\\components\\productdetails\\ProductImage.js": {"path":"E:\\React-JS\\tokopedia-assignment\\src\\app\\flow\\productdetailspage\\components\\productdetails\\ProductImage.js","statementMap":{"0":{"start":{"line":3,"column":21},"end":{"line":12,"column":1}},"1":{"start":{"line":4,"column":23},"end":{"line":4,"column":28}},"2":{"start":{"line":5,"column":4},"end":{"line":11,"column":6}},"3":{"start":{"line":13,"column":0},"end":{"line":15,"column":1}}},"fnMap":{"0":{"name":"(anonymous_0)","decl":{"start":{"line":3,"column":21},"end":{"line":3,"column":22}},"loc":{"start":{"line":3,"column":32},"end":{"line":12,"column":1}},"line":3}},"branchMap":{},"s":{"0":5,"1":1,"2":1,"3":5},"f":{"0":1},"b":{},"_coverageSchema":"1a1c01bbd47fc00a2c39e90264f33305004495a9","hash":"a5d5d2d68acc087c10544168858207feed0f181f"}
,"E:\\React-JS\\tokopedia-assignment\\src\\app\\flow\\productdetailspage\\components\\productdetails\\ProductInfo.js": {"path":"E:\\React-JS\\tokopedia-assignment\\src\\app\\flow\\productdetailspage\\components\\productdetails\\ProductInfo.js","statementMap":{"0":{"start":{"line":6,"column":19},"end":{"line":17,"column":1}},"1":{"start":{"line":7,"column":18},"end":{"line":7,"column":20}},"2":{"start":{"line":8,"column":4},"end":{"line":14,"column":5}},"3":{"start":{"line":8,"column":17},"end":{"line":8,"column":18}},"4":{"start":{"line":9,"column":8},"end":{"line":13,"column":9}},"5":{"start":{"line":16,"column":4},"end":{"line":16,"column":17}},"6":{"start":{"line":18,"column":0},"end":{"line":20,"column":1}},"7":{"start":{"line":21,"column":0},"end":{"line":23,"column":1}},"8":{"start":{"line":26,"column":20},"end":{"line":54,"column":1}},"9":{"start":{"line":27,"column":49},"end":{"line":27,"column":54}},"10":{"start":{"line":28,"column":4},"end":{"line":53,"column":6}},"11":{"start":{"line":55,"column":0},"end":{"line":60,"column":1}}},"fnMap":{"0":{"name":"(anonymous_0)","decl":{"start":{"line":6,"column":19},"end":{"line":6,"column":20}},"loc":{"start":{"line":6,"column":34},"end":{"line":17,"column":1}},"line":6},"1":{"name":"(anonymous_1)","decl":{"start":{"line":26,"column":20},"end":{"line":26,"column":21}},"loc":{"start":{"line":26,"column":31},"end":{"line":54,"column":1}},"line":26}},"branchMap":{},"s":{"0":5,"1":1,"2":1,"3":1,"4":4,"5":1,"6":5,"7":5,"8":5,"9":1,"10":1,"11":5},"f":{"0":1,"1":1},"b":{},"_coverageSchema":"1a1c01bbd47fc00a2c39e90264f33305004495a9","hash":"fd24cbad1a3d59e8b29c777b85ab615b8577c4bd"}
,"E:\\React-JS\\tokopedia-assignment\\src\\app\\flow\\productdetailspage\\components\\productdetails\\constants.js": {"path":"E:\\React-JS\\tokopedia-assignment\\src\\app\\flow\\productdetailspage\\components\\productdetails\\constants.js","statementMap":{"0":{"start":{"line":1,"column":29},"end":{"line":7,"column":1}}},"fnMap":{},"branchMap":{},"s":{"0":5},"f":{},"b":{},"_coverageSchema":"1a1c01bbd47fc00a2c39e90264f33305004495a9","hash":"384d7590fd16b57b7e79d3cd8f82190bad193e61"}
,"E:\\React-JS\\tokopedia-assignment\\src\\app\\flow\\productdetailspage\\components\\productdetails\\index.js": {"path":"E:\\React-JS\\tokopedia-assignment\\src\\app\\flow\\productdetailspage\\components\\productdetails\\index.js","statementMap":{"0":{"start":{"line":5,"column":24},"end":{"line":11,"column":1}},"1":{"start":{"line":6,"column":50},"end":{"line":6,"column":81}},"2":{"start":{"line":7,"column":4},"end":{"line":10,"column":5}},"3":{"start":{"line":13,"column":27},"end":{"line":13,"column":50}}},"fnMap":{"0":{"name":"(anonymous_0)","decl":{"start":{"line":5,"column":24},"end":{"line":5,"column":25}},"loc":{"start":{"line":5,"column":35},"end":{"line":11,"column":1}},"line":5}},"branchMap":{},"s":{"0":3,"1":1,"2":1,"3":3},"f":{"0":1},"b":{},"_coverageSchema":"1a1c01bbd47fc00a2c39e90264f33305004495a9","hash":"bfdcb843baef6894767934d61160e02baf7e7e5e"}
,"E:\\React-JS\\tokopedia-assignment\\src\\app\\helpers\\APIs.js": {"path":"E:\\React-JS\\tokopedia-assignment\\src\\app\\helpers\\APIs.js","statementMap":{"0":{"start":{"line":3,"column":17},"end":{"line":3,"column":60}},"1":{"start":{"line":5,"column":42},"end":{"line":7,"column":1}},"2":{"start":{"line":6,"column":4},"end":{"line":6,"column":44}},"3":{"start":{"line":9,"column":32},"end":{"line":11,"column":1}},"4":{"start":{"line":10,"column":4},"end":{"line":10,"column":67}},"5":{"start":{"line":13,"column":39},"end":{"line":15,"column":1}},"6":{"start":{"line":14,"column":4},"end":{"line":14,"column":61}}},"fnMap":{"0":{"name":"(anonymous_0)","decl":{"start":{"line":5,"column":42},"end":{"line":5,"column":43}},"loc":{"start":{"line":5,"column":46},"end":{"line":7,"column":1}},"line":5},"1":{"name":"(anonymous_1)","decl":{"start":{"line":9,"column":32},"end":{"line":9,"column":33}},"loc":{"start":{"line":9,"column":48},"end":{"line":11,"column":1}},"line":9},"2":{"name":"(anonymous_2)","decl":{"start":{"line":13,"column":39},"end":{"line":13,"column":40}},"loc":{"start":{"line":13,"column":54},"end":{"line":15,"column":1}},"line":13}},"branchMap":{},"s":{"0":7,"1":7,"2":2,"3":7,"4":2,"5":7,"6":2},"f":{"0":2,"1":2,"2":2},"b":{},"_coverageSchema":"1a1c01bbd47fc00a2c39e90264f33305004495a9","hash":"5d71bf2a229c6e3e970e8b890d491699c3ea09d6"}
,"E:\\React-JS\\tokopedia-assignment\\src\\app\\shared\\components\\footer\\constants.js": {"path":"E:\\React-JS\\tokopedia-assignment\\src\\app\\shared\\components\\footer\\constants.js","statementMap":{"0":{"start":{"line":1,"column":32},"end":{"line":6,"column":1}},"1":{"start":{"line":7,"column":29},"end":{"line":9,"column":1}}},"fnMap":{},"branchMap":{},"s":{"0":4,"1":4},"f":{},"b":{},"_coverageSchema":"1a1c01bbd47fc00a2c39e90264f33305004495a9","hash":"9a1806e30d44db0dbab62f8c868fbf73f09cb614"}
,"E:\\React-JS\\tokopedia-assignment\\src\\app\\shared\\components\\footer\\index.js": {"path":"E:\\React-JS\\tokopedia-assignment\\src\\app\\shared\\components\\footer\\index.js","statementMap":{"0":{"start":{"line":5,"column":15},"end":{"line":28,"column":1}},"1":{"start":{"line":6,"column":37},"end":{"line":8,"column":5}},"2":{"start":{"line":7,"column":8},"end":{"line":7,"column":106}},"3":{"start":{"line":7,"column":39},"end":{"line":7,"column":105}},"4":{"start":{"line":9,"column":32},"end":{"line":18,"column":5}},"5":{"start":{"line":10,"column":8},"end":{"line":17,"column":10}},"6":{"start":{"line":11,"column":12},"end":{"line":16,"column":13}},"7":{"start":{"line":19,"column":4},"end":{"line":27,"column":5}}},"fnMap":{"0":{"name":"(anonymous_0)","decl":{"start":{"line":5,"column":15},"end":{"line":5,"column":16}},"loc":{"start":{"line":5,"column":21},"end":{"line":28,"column":1}},"line":5},"1":{"name":"(anonymous_1)","decl":{"start":{"line":6,"column":37},"end":{"line":6,"column":38}},"loc":{"start":{"line":6,"column":51},"end":{"line":8,"column":5}},"line":6},"2":{"name":"(anonymous_2)","decl":{"start":{"line":7,"column":28},"end":{"line":7,"column":29}},"loc":{"start":{"line":7,"column":39},"end":{"line":7,"column":105}},"line":7},"3":{"name":"(anonymous_3)","decl":{"start":{"line":9,"column":32},"end":{"line":9,"column":33}},"loc":{"start":{"line":9,"column":38},"end":{"line":18,"column":5}},"line":9},"4":{"name":"(anonymous_4)","decl":{"start":{"line":10,"column":52},"end":{"line":10,"column":53}},"loc":{"start":{"line":10,"column":74},"end":{"line":17,"column":9}},"line":10}},"branchMap":{},"s":{"0":4,"1":1,"2":4,"3":14,"4":1,"5":1,"6":4,"7":1},"f":{"0":1,"1":4,"2":14,"3":1,"4":4},"b":{},"_coverageSchema":"1a1c01bbd47fc00a2c39e90264f33305004495a9","hash":"28c90da5ff18153d335d795f840cefb4044f3e00"}
,"E:\\React-JS\\tokopedia-assignment\\src\\app\\shared\\components\\header\\Header.js": {"path":"E:\\React-JS\\tokopedia-assignment\\src\\app\\shared\\components\\header\\Header.js","statementMap":{"0":{"start":{"line":7,"column":55},"end":{"line":7,"column":65}},"1":{"start":{"line":8,"column":8},"end":{"line":10,"column":9}},"2":{"start":{"line":9,"column":12},"end":{"line":9,"column":38}},"3":{"start":{"line":14,"column":40},"end":{"line":14,"column":50}},"4":{"start":{"line":15,"column":8},"end":{"line":30,"column":9}},"5":{"start":{"line":33,"column":0},"end":{"line":37,"column":1}}},"fnMap":{"0":{"name":"(anonymous_0)","decl":{"start":{"line":6,"column":4},"end":{"line":6,"column":5}},"loc":{"start":{"line":6,"column":24},"end":{"line":11,"column":5}},"line":6},"1":{"name":"(anonymous_1)","decl":{"start":{"line":13,"column":4},"end":{"line":13,"column":5}},"loc":{"start":{"line":13,"column":13},"end":{"line":31,"column":5}},"line":13}},"branchMap":{"0":{"loc":{"start":{"line":8,"column":8},"end":{"line":10,"column":9}},"type":"if","locations":[{"start":{"line":8,"column":8},"end":{"line":10,"column":9}},{"start":{"line":8,"column":8},"end":{"line":10,"column":9}}],"line":8},"1":{"loc":{"start":{"line":18,"column":21},"end":{"line":24,"column":33}},"type":"binary-expr","locations":[{"start":{"line":18,"column":21},"end":{"line":18,"column":29}},{"start":{"line":19,"column":24},"end":{"line":24,"column":33}}],"line":18}},"s":{"0":3,"1":3,"2":1,"3":3,"4":3,"5":5},"f":{"0":3,"1":3},"b":{"0":[1,2],"1":[3,2]},"_coverageSchema":"1a1c01bbd47fc00a2c39e90264f33305004495a9","hash":"d95280e43c98140a6ade156ab9408534f6375bfd"}
,"E:\\React-JS\\tokopedia-assignment\\src\\app\\shared\\components\\header\\constants.js": {"path":"E:\\React-JS\\tokopedia-assignment\\src\\app\\shared\\components\\header\\constants.js","statementMap":{"0":{"start":{"line":1,"column":29},"end":{"line":4,"column":1}}},"fnMap":{},"branchMap":{},"s":{"0":5},"f":{},"b":{},"_coverageSchema":"1a1c01bbd47fc00a2c39e90264f33305004495a9","hash":"d5b56beff6a95299f003006caa2fd0450872aa56"}
,"E:\\React-JS\\tokopedia-assignment\\src\\app\\shared\\components\\header\\index.js": {"path":"E:\\React-JS\\tokopedia-assignment\\src\\app\\shared\\components\\header\\index.js","statementMap":{"0":{"start":{"line":5,"column":24},"end":{"line":10,"column":1}},"1":{"start":{"line":6,"column":26},"end":{"line":6,"column":42}},"2":{"start":{"line":7,"column":4},"end":{"line":9,"column":5}},"3":{"start":{"line":12,"column":27},"end":{"line":12,"column":54}}},"fnMap":{"0":{"name":"(anonymous_0)","decl":{"start":{"line":5,"column":24},"end":{"line":5,"column":25}},"loc":{"start":{"line":5,"column":35},"end":{"line":10,"column":1}},"line":5}},"branchMap":{},"s":{"0":4,"1":1,"2":1,"3":4},"f":{"0":1},"b":{},"_coverageSchema":"1a1c01bbd47fc00a2c39e90264f33305004495a9","hash":"d3e44707908a886d7cfa6924f0a5dd2db81f87f0"}
,"E:\\React-JS\\tokopedia-assignment\\src\\app\\shared\\components\\shimmer\\DetailsShimmer.js": {"path":"E:\\React-JS\\tokopedia-assignment\\src\\app\\shared\\components\\shimmer\\DetailsShimmer.js","statementMap":{"0":{"start":{"line":5,"column":23},"end":{"line":16,"column":1}},"1":{"start":{"line":6,"column":4},"end":{"line":15,"column":5}}},"fnMap":{"0":{"name":"(anonymous_0)","decl":{"start":{"line":5,"column":23},"end":{"line":5,"column":24}},"loc":{"start":{"line":5,"column":29},"end":{"line":16,"column":1}},"line":5}},"branchMap":{},"s":{"0":5,"1":1},"f":{"0":1},"b":{},"_coverageSchema":"1a1c01bbd47fc00a2c39e90264f33305004495a9","hash":"9e627dea9e73816a88705609b7ca1753b1f268d8"}
,"E:\\React-JS\\tokopedia-assignment\\src\\app\\shared\\components\\shimmer\\Shimmer.js": {"path":"E:\\React-JS\\tokopedia-assignment\\src\\app\\shared\\components\\shimmer\\Shimmer.js","statementMap":{"0":{"start":{"line":4,"column":16},"end":{"line":24,"column":1}},"1":{"start":{"line":5,"column":57},"end":{"line":5,"column":62}},"2":{"start":{"line":6,"column":21},"end":{"line":6,"column":23}},"3":{"start":{"line":7,"column":4},"end":{"line":22,"column":5}},"4":{"start":{"line":7,"column":17},"end":{"line":7,"column":18}},"5":{"start":{"line":8,"column":8},"end":{"line":21,"column":9}},"6":{"start":{"line":23,"column":4},"end":{"line":23,"column":61}},"7":{"start":{"line":25,"column":0},"end":{"line":29,"column":1}},"8":{"start":{"line":30,"column":0},"end":{"line":34,"column":1}}},"fnMap":{"0":{"name":"(anonymous_0)","decl":{"start":{"line":4,"column":16},"end":{"line":4,"column":17}},"loc":{"start":{"line":4,"column":27},"end":{"line":24,"column":1}},"line":4}},"branchMap":{"0":{"loc":{"start":{"line":11,"column":21},"end":{"line":11,"column":89}},"type":"binary-expr","locations":[{"start":{"line":11,"column":21},"end":{"line":11,"column":36}},{"start":{"line":11,"column":40},"end":{"line":11,"column":89}}],"line":11},"1":{"loc":{"start":{"line":13,"column":24},"end":{"line":17,"column":41}},"type":"binary-expr","locations":[{"start":{"line":13,"column":24},"end":{"line":13,"column":40}},{"start":{"line":14,"column":24},"end":{"line":17,"column":41}}],"line":13}},"s":{"0":9,"1":2,"2":2,"3":2,"4":2,"5":3,"6":2,"7":9,"8":9},"f":{"0":2},"b":{"0":[3,2],"1":[3,2]},"_coverageSchema":"1a1c01bbd47fc00a2c39e90264f33305004495a9","hash":"738f12fef4042c67e6d33ba35b9b6c7050e7855a"}
,"E:\\React-JS\\tokopedia-assignment\\src\\app\\store\\actionTypes.js": {"path":"E:\\React-JS\\tokopedia-assignment\\src\\app\\store\\actionTypes.js","statementMap":{"0":{"start":{"line":1,"column":43},"end":{"line":1,"column":76}},"1":{"start":{"line":3,"column":43},"end":{"line":3,"column":75}},"2":{"start":{"line":4,"column":36},"end":{"line":4,"column":61}},"3":{"start":{"line":6,"column":42},"end":{"line":6,"column":74}},"4":{"start":{"line":7,"column":38},"end":{"line":7,"column":66}}},"fnMap":{},"branchMap":{},"s":{"0":8,"1":8,"2":8,"3":8,"4":8},"f":{},"b":{},"_coverageSchema":"1a1c01bbd47fc00a2c39e90264f33305004495a9","hash":"f5db77d79aded53b584c1a45c74bb7f1ae05bc4a"}
,"E:\\React-JS\\tokopedia-assignment\\src\\app\\store\\actions.js": {"path":"E:\\React-JS\\tokopedia-assignment\\src\\app\\store\\actions.js","statementMap":{"0":{"start":{"line":5,"column":33},"end":{"line":10,"column":1}},"1":{"start":{"line":6,"column":4},"end":{"line":9,"column":5}},"2":{"start":{"line":12,"column":27},"end":{"line":17,"column":1}},"3":{"start":{"line":13,"column":4},"end":{"line":16,"column":5}},"4":{"start":{"line":19,"column":29},"end":{"line":35,"column":1}},"5":{"start":{"line":20,"column":4},"end":{"line":34,"column":5}},"6":{"start":{"line":21,"column":22},"end":{"line":21,"column":32}},"7":{"start":{"line":22,"column":49},"end":{"line":22,"column":70}},"8":{"start":{"line":23,"column":8},"end":{"line":23,"column":52}},"9":{"start":{"line":23,"column":45},"end":{"line":23,"column":52}},"10":{"start":{"line":24,"column":8},"end":{"line":24,"column":49}},"11":{"start":{"line":25,"column":8},"end":{"line":32,"column":10}},"12":{"start":{"line":26,"column":12},"end":{"line":26,"column":51}},"13":{"start":{"line":27,"column":12},"end":{"line":27,"column":28}},"14":{"start":{"line":29,"column":12},"end":{"line":29,"column":54}},"15":{"start":{"line":30,"column":12},"end":{"line":30,"column":31}},"16":{"start":{"line":31,"column":12},"end":{"line":31,"column":25}},"17":{"start":{"line":38,"column":32},"end":{"line":43,"column":1}},"18":{"start":{"line":39,"column":4},"end":{"line":42,"column":5}},"19":{"start":{"line":45,"column":29},"end":{"line":50,"column":1}},"20":{"start":{"line":46,"column":4},"end":{"line":49,"column":5}},"21":{"start":{"line":52,"column":35},"end":{"line":67,"column":1}},"22":{"start":{"line":53,"column":4},"end":{"line":66,"column":5}},"23":{"start":{"line":54,"column":22},"end":{"line":54,"column":32}},"24":{"start":{"line":55,"column":38},"end":{"line":55,"column":59}},"25":{"start":{"line":56,"column":8},"end":{"line":56,"column":38}},"26":{"start":{"line":56,"column":31},"end":{"line":56,"column":38}},"27":{"start":{"line":57,"column":8},"end":{"line":57,"column":48}},"28":{"start":{"line":58,"column":8},"end":{"line":65,"column":10}},"29":{"start":{"line":59,"column":12},"end":{"line":59,"column":53}},"30":{"start":{"line":60,"column":12},"end":{"line":60,"column":28}},"31":{"start":{"line":62,"column":12},"end":{"line":62,"column":53}},"32":{"start":{"line":63,"column":12},"end":{"line":63,"column":31}},"33":{"start":{"line":64,"column":12},"end":{"line":64,"column":25}},"34":{"start":{"line":70,"column":33},"end":{"line":75,"column":1}},"35":{"start":{"line":71,"column":4},"end":{"line":74,"column":5}},"36":{"start":{"line":76,"column":39},"end":{"line":86,"column":1}},"37":{"start":{"line":77,"column":4},"end":{"line":85,"column":5}},"38":{"start":{"line":78,"column":8},"end":{"line":84,"column":11}},"39":{"start":{"line":79,"column":12},"end":{"line":79,"column":57}},"40":{"start":{"line":80,"column":12},"end":{"line":80,"column":27}},"41":{"start":{"line":82,"column":12},"end":{"line":82,"column":31}},"42":{"start":{"line":83,"column":12},"end":{"line":83,"column":25}}},"fnMap":{"0":{"name":"(anonymous_0)","decl":{"start":{"line":5,"column":33},"end":{"line":5,"column":34}},"loc":{"start":{"line":5,"column":46},"end":{"line":10,"column":1}},"line":5},"1":{"name":"(anonymous_1)","decl":{"start":{"line":12,"column":27},"end":{"line":12,"column":28}},"loc":{"start":{"line":12,"column":40},"end":{"line":17,"column":1}},"line":12},"2":{"name":"(anonymous_2)","decl":{"start":{"line":19,"column":29},"end":{"line":19,"column":30}},"loc":{"start":{"line":19,"column":35},"end":{"line":35,"column":1}},"line":19},"3":{"name":"(anonymous_3)","decl":{"start":{"line":20,"column":11},"end":{"line":20,"column":12}},"loc":{"start":{"line":20,"column":35},"end":{"line":34,"column":5}},"line":20},"4":{"name":"(anonymous_4)","decl":{"start":{"line":25,"column":47},"end":{"line":25,"column":48}},"loc":{"start":{"line":25,"column":61},"end":{"line":28,"column":9}},"line":25},"5":{"name":"(anonymous_5)","decl":{"start":{"line":28,"column":17},"end":{"line":28,"column":18}},"loc":{"start":{"line":28,"column":28},"end":{"line":32,"column":9}},"line":28},"6":{"name":"(anonymous_6)","decl":{"start":{"line":38,"column":32},"end":{"line":38,"column":33}},"loc":{"start":{"line":38,"column":45},"end":{"line":43,"column":1}},"line":38},"7":{"name":"(anonymous_7)","decl":{"start":{"line":45,"column":29},"end":{"line":45,"column":30}},"loc":{"start":{"line":45,"column":42},"end":{"line":50,"column":1}},"line":45},"8":{"name":"(anonymous_8)","decl":{"start":{"line":52,"column":35},"end":{"line":52,"column":36}},"loc":{"start":{"line":52,"column":43},"end":{"line":67,"column":1}},"line":52},"9":{"name":"(anonymous_9)","decl":{"start":{"line":53,"column":11},"end":{"line":53,"column":12}},"loc":{"start":{"line":53,"column":35},"end":{"line":66,"column":5}},"line":53},"10":{"name":"(anonymous_10)","decl":{"start":{"line":58,"column":48},"end":{"line":58,"column":49}},"loc":{"start":{"line":58,"column":62},"end":{"line":61,"column":9}},"line":58},"11":{"name":"(anonymous_11)","decl":{"start":{"line":61,"column":17},"end":{"line":61,"column":18}},"loc":{"start":{"line":61,"column":28},"end":{"line":65,"column":9}},"line":61},"12":{"name":"(anonymous_12)","decl":{"start":{"line":70,"column":33},"end":{"line":70,"column":34}},"loc":{"start":{"line":70,"column":46},"end":{"line":75,"column":1}},"line":70},"13":{"name":"(anonymous_13)","decl":{"start":{"line":76,"column":39},"end":{"line":76,"column":40}},"loc":{"start":{"line":76,"column":45},"end":{"line":86,"column":1}},"line":76},"14":{"name":"(anonymous_14)","decl":{"start":{"line":77,"column":11},"end":{"line":77,"column":12}},"loc":{"start":{"line":77,"column":35},"end":{"line":85,"column":5}},"line":77},"15":{"name":"(anonymous_15)","decl":{"start":{"line":78,"column":49},"end":{"line":78,"column":50}},"loc":{"start":{"line":78,"column":63},"end":{"line":81,"column":9}},"line":78},"16":{"name":"(anonymous_16)","decl":{"start":{"line":81,"column":17},"end":{"line":81,"column":18}},"loc":{"start":{"line":81,"column":28},"end":{"line":84,"column":9}},"line":81}},"branchMap":{"0":{"loc":{"start":{"line":23,"column":8},"end":{"line":23,"column":52}},"type":"if","locations":[{"start":{"line":23,"column":8},"end":{"line":23,"column":52}},{"start":{"line":23,"column":8},"end":{"line":23,"column":52}}],"line":23},"1":{"loc":{"start":{"line":23,"column":12},"end":{"line":23,"column":43}},"type":"binary-expr","locations":[{"start":{"line":23,"column":12},"end":{"line":23,"column":30}},{"start":{"line":23,"column":34},"end":{"line":23,"column":43}}],"line":23},"2":{"loc":{"start":{"line":56,"column":8},"end":{"line":56,"column":38}},"type":"if","locations":[{"start":{"line":56,"column":8},"end":{"line":56,"column":38}},{"start":{"line":56,"column":8},"end":{"line":56,"column":38}}],"line":56}},"s":{"0":7,"1":3,"2":7,"3":1,"4":7,"5":3,"6":3,"7":3,"8":3,"9":1,"10":2,"11":2,"12":1,"13":1,"14":1,"15":1,"16":1,"17":7,"18":3,"19":7,"20":1,"21":7,"22":3,"23":3,"24":3,"25":3,"26":1,"27":2,"28":2,"29":1,"30":1,"31":1,"32":1,"33":1,"34":7,"35":1,"36":7,"37":2,"38":2,"39":1,"40":1,"41":1,"42":1},"f":{"0":3,"1":1,"2":3,"3":3,"4":1,"5":1,"6":3,"7":1,"8":3,"9":3,"10":1,"11":1,"12":1,"13":2,"14":2,"15":1,"16":1},"b":{"0":[1,2],"1":[3,2],"2":[1,2]},"_coverageSchema":"1a1c01bbd47fc00a2c39e90264f33305004495a9","hash":"22269fc60f28b8b36358b28557a887fb105ee5f0"}
,"E:\\React-JS\\tokopedia-assignment\\src\\app\\store\\reducer.js": {"path":"E:\\React-JS\\tokopedia-assignment\\src\\app\\store\\reducer.js","statementMap":{"0":{"start":{"line":4,"column":32},"end":{"line":7,"column":1}},"1":{"start":{"line":8,"column":31},"end":{"line":12,"column":1}},"2":{"start":{"line":13,"column":32},"end":{"line":16,"column":1}},"3":{"start":{"line":18,"column":26},"end":{"line":29,"column":1}},"4":{"start":{"line":19,"column":4},"end":{"line":28,"column":5}},"5":{"start":{"line":21,"column":12},"end":{"line":25,"column":13}},"6":{"start":{"line":27,"column":12},"end":{"line":27,"column":25}},"7":{"start":{"line":30,"column":31},"end":{"line":50,"column":1}},"8":{"start":{"line":31,"column":4},"end":{"line":49,"column":5}},"9":{"start":{"line":33,"column":12},"end":{"line":36,"column":13}},"10":{"start":{"line":38,"column":12},"end":{"line":46,"column":13}},"11":{"start":{"line":48,"column":12},"end":{"line":48,"column":25}},"12":{"start":{"line":51,"column":41},"end":{"line":68,"column":1}},"13":{"start":{"line":52,"column":4},"end":{"line":67,"column":5}},"14":{"start":{"line":54,"column":12},"end":{"line":58,"column":13}},"15":{"start":{"line":60,"column":12},"end":{"line":64,"column":13}},"16":{"start":{"line":66,"column":12},"end":{"line":66,"column":25}}},"fnMap":{"0":{"name":"(anonymous_0)","decl":{"start":{"line":18,"column":26},"end":{"line":18,"column":27}},"loc":{"start":{"line":18,"column":75},"end":{"line":29,"column":1}},"line":18},"1":{"name":"(anonymous_1)","decl":{"start":{"line":30,"column":31},"end":{"line":30,"column":32}},"loc":{"start":{"line":30,"column":79},"end":{"line":50,"column":1}},"line":30},"2":{"name":"(anonymous_2)","decl":{"start":{"line":51,"column":41},"end":{"line":51,"column":42}},"loc":{"start":{"line":51,"column":90},"end":{"line":68,"column":1}},"line":51}},"branchMap":{"0":{"loc":{"start":{"line":18,"column":27},"end":{"line":18,"column":51}},"type":"default-arg","locations":[{"start":{"line":18,"column":35},"end":{"line":18,"column":51}}],"line":18},"1":{"loc":{"start":{"line":19,"column":4},"end":{"line":28,"column":5}},"type":"switch","locations":[{"start":{"line":20,"column":8},"end":{"line":25,"column":13}},{"start":{"line":26,"column":8},"end":{"line":27,"column":25}}],"line":19},"2":{"loc":{"start":{"line":30,"column":32},"end":{"line":30,"column":55}},"type":"default-arg","locations":[{"start":{"line":30,"column":40},"end":{"line":30,"column":55}}],"line":30},"3":{"loc":{"start":{"line":31,"column":4},"end":{"line":49,"column":5}},"type":"switch","locations":[{"start":{"line":32,"column":8},"end":{"line":36,"column":13}},{"start":{"line":37,"column":8},"end":{"line":46,"column":13}},{"start":{"line":47,"column":8},"end":{"line":48,"column":25}}],"line":31},"4":{"loc":{"start":{"line":44,"column":26},"end":{"line":44,"column":75}},"type":"cond-expr","locations":[{"start":{"line":44,"column":55},"end":{"line":44,"column":71}},{"start":{"line":44,"column":74},"end":{"line":44,"column":75}}],"line":44},"5":{"loc":{"start":{"line":51,"column":42},"end":{"line":51,"column":66}},"type":"default-arg","locations":[{"start":{"line":51,"column":50},"end":{"line":51,"column":66}}],"line":51},"6":{"loc":{"start":{"line":52,"column":4},"end":{"line":67,"column":5}},"type":"switch","locations":[{"start":{"line":53,"column":8},"end":{"line":58,"column":13}},{"start":{"line":59,"column":8},"end":{"line":64,"column":13}},{"start":{"line":65,"column":8},"end":{"line":66,"column":25}}],"line":52}},"s":{"0":3,"1":3,"2":3,"3":3,"4":9,"5":1,"6":8,"7":3,"8":11,"9":1,"10":2,"11":8,"12":3,"13":10,"14":1,"15":1,"16":8},"f":{"0":9,"1":11,"2":10},"b":{"0":[7],"1":[1,8],"2":[7],"3":[1,2,8],"4":[1,1],"5":[7],"6":[1,1,8]},"_coverageSchema":"1a1c01bbd47fc00a2c39e90264f33305004495a9","hash":"4885478b152ae8e3b24f730aeb65e7602a92be7e"}
,"E:\\React-JS\\tokopedia-assignment\\src\\app\\store\\store.js": {"path":"E:\\React-JS\\tokopedia-assignment\\src\\app\\store\\store.js","statementMap":{"0":{"start":{"line":6,"column":14},"end":{"line":6,"column":40}},"1":{"start":{"line":7,"column":0},"end":{"line":7,"column":34}},"2":{"start":{"line":9,"column":14},"end":{"line":9,"column":86}}},"fnMap":{},"branchMap":{},"s":{"0":1,"1":1,"2":1},"f":{},"b":{},"_coverageSchema":"1a1c01bbd47fc00a2c39e90264f33305004495a9","hash":"ed1820820bbebcc91ea9930839580434a0e41135"}
}
