TN:
SF:src\app\App.js
FN:8,(anonymous_0)
FNF:1
FNH:1
FNDA:1,(anonymous_0)
DA:8,1
DA:9,1
LF:2
LH:2
BRF:0
BRH:0
end_of_record
TN:
SF:src\app\RouteConstants.js
FNF:0
FNH:0
DA:1,5
LF:1
LH:1
BRF:0
BRH:0
end_of_record
TN:
SF:src\app\Routes.js
FN:22,(anonymous_0)
FN:26,(anonymous_1)
FNF:2
FNH:2
FNDA:1,(anonymous_0)
FNDA:2,(anonymous_1)
DA:9,1
DA:22,1
DA:23,1
DA:26,2
LF:4
LH:4
BRF:0
BRH:0
end_of_record
TN:
SF:src\app\flow\homepage\index.js
FN:8,(anonymous_0)
FN:10,(anonymous_1)
FN:25,(anonymous_2)
FNF:3
FNH:1
FNDA:1,(anonymous_0)
FNDA:0,(anonymous_1)
FNDA:0,(anonymous_2)
DA:8,2
DA:9,1
DA:10,1
DA:11,0
DA:13,1
DA:25,2
DA:26,0
LF:7
LH:5
BRF:0
BRH:0
end_of_record
TN:
SF:src\app\flow\homepage\components\carouselholder\CarouselHolder.js
FN:6,(anonymous_0)
FN:15,(anonymous_1)
FN:35,(anonymous_2)
FNF:3
FNH:3
FNDA:1,(anonymous_0)
FNDA:2,(anonymous_1)
FNDA:8,(anonymous_2)
DA:6,4
DA:7,1
DA:15,4
DA:16,2
DA:17,2
DA:36,8
DA:48,4
LF:7
LH:7
BRDA:37,0,0,8
BRDA:37,0,1,3
BRDA:38,1,0,8
BRDA:38,1,1,3
BRDA:39,2,0,8
BRDA:39,2,1,3
BRF:6
BRH:6
end_of_record
TN:
SF:src\app\flow\homepage\components\carouselholder\config.js
FNF:0
FNH:0
DA:1,4
LF:1
LH:1
BRF:0
BRH:0
end_of_record
TN:
SF:src\app\flow\homepage\components\carouselholder\index.js
FN:4,(anonymous_0)
FNF:1
FNH:1
FNDA:1,(anonymous_0)
DA:4,3
DA:5,1
DA:6,1
LF:3
LH:3
BRF:0
BRH:0
end_of_record
TN:
SF:src\app\flow\homepage\components\productlisting\ProductListItem.js
FN:3,(anonymous_0)
FNF:1
FNH:1
FNDA:2,(anonymous_0)
DA:3,5
DA:4,2
DA:5,2
DA:16,5
LF:4
LH:4
BRF:0
BRH:0
end_of_record
TN:
SF:src\app\flow\homepage\components\productlisting\ProductListing.js
FN:10,(anonymous_0)
FN:15,(anonymous_1)
FN:18,(anonymous_2)
FN:26,(anonymous_3)
FN:34,(anonymous_4)
FN:42,(anonymous_5)
FNF:6
FNH:6
FNDA:1,(anonymous_0)
FNDA:4,(anonymous_1)
FNDA:20,(anonymous_2)
FNDA:4,(anonymous_3)
FNDA:3,(anonymous_4)
FNDA:4,(anonymous_5)
DA:10,3
DA:11,1
DA:12,1
DA:13,1
DA:15,3
DA:16,4
DA:17,4
DA:18,2
DA:19,20
DA:26,3
DA:27,4
DA:28,4
DA:35,3
DA:36,3
DA:37,1
DA:39,3
DA:43,4
DA:44,4
DA:58,4
LF:19
LH:19
BRDA:17,0,0,2
BRDA:17,0,1,2
BRDA:29,1,0,3
BRDA:29,1,1,1
BRDA:36,2,0,1
BRDA:36,2,1,2
BRDA:51,3,0,4
BRDA:51,3,1,1
BRF:8
BRH:8
end_of_record
TN:
SF:src\app\flow\homepage\components\productlisting\constants.js
FNF:0
FNH:0
DA:1,4
LF:1
LH:1
BRF:0
BRH:0
end_of_record
TN:
SF:src\app\flow\homepage\components\productlisting\index.js
FN:5,(anonymous_0)
FNF:1
FNH:1
FNDA:1,(anonymous_0)
DA:5,3
DA:6,1
DA:7,1
DA:14,3
LF:4
LH:4
BRF:0
BRH:0
end_of_record
TN:
SF:src\app\flow\productdetailspage\index.js
FN:8,(anonymous_0)
FN:12,(anonymous_1)
FN:21,(anonymous_2)
FNF:3
FNH:1
FNDA:1,(anonymous_0)
FNDA:0,(anonymous_1)
FNDA:0,(anonymous_2)
DA:8,2
DA:9,1
DA:10,1
DA:12,0
DA:21,2
DA:22,0
LF:6
LH:4
BRF:0
BRH:0
end_of_record
TN:
SF:src\app\flow\productdetailspage\components\productdetails\ProductDetails.js
FN:10,(anonymous_0)
FN:17,(anonymous_1)
FN:31,(anonymous_2)
FNF:3
FNH:3
FNDA:2,(anonymous_0)
FNDA:3,(anonymous_1)
FNDA:3,(anonymous_2)
DA:11,2
DA:12,2
DA:13,1
DA:15,2
DA:17,2
DA:18,3
DA:19,3
DA:20,2
DA:32,3
DA:33,3
DA:42,4
LF:11
LH:11
BRDA:12,0,0,1
BRDA:12,0,1,1
BRDA:12,1,0,2
BRDA:12,1,1,2
BRDA:12,1,2,2
BRDA:19,2,0,1
BRDA:19,2,1,2
BRDA:36,3,0,3
BRDA:36,3,1,1
BRF:9
BRH:9
end_of_record
TN:
SF:src\app\flow\productdetailspage\components\productdetails\ProductImage.js
FN:3,(anonymous_0)
FNF:1
FNH:1
FNDA:1,(anonymous_0)
DA:3,5
DA:4,1
DA:5,1
DA:13,5
LF:4
LH:4
BRF:0
BRH:0
end_of_record
TN:
SF:src\app\flow\productdetailspage\components\productdetails\ProductInfo.js
FN:6,(anonymous_0)
FN:26,(anonymous_1)
FNF:2
FNH:2
FNDA:1,(anonymous_0)
FNDA:1,(anonymous_1)
DA:6,5
DA:7,1
DA:8,1
DA:9,4
DA:16,1
DA:18,5
DA:21,5
DA:26,5
DA:27,1
DA:28,1
DA:55,5
LF:11
LH:11
BRF:0
BRH:0
end_of_record
TN:
SF:src\app\flow\productdetailspage\components\productdetails\constants.js
FNF:0
FNH:0
DA:1,5
LF:1
LH:1
BRF:0
BRH:0
end_of_record
TN:
SF:src\app\flow\productdetailspage\components\productdetails\index.js
FN:5,(anonymous_0)
FNF:1
FNH:1
FNDA:1,(anonymous_0)
DA:5,3
DA:6,1
DA:7,1
DA:13,3
LF:4
LH:4
BRF:0
BRH:0
end_of_record
TN:
SF:src\app\helpers\APIs.js
FN:5,(anonymous_0)
FN:9,(anonymous_1)
FN:13,(anonymous_2)
FNF:3
FNH:3
FNDA:2,(anonymous_0)
FNDA:2,(anonymous_1)
FNDA:2,(anonymous_2)
DA:3,7
DA:5,7
DA:6,2
DA:9,7
DA:10,2
DA:13,7
DA:14,2
LF:7
LH:7
BRF:0
BRH:0
end_of_record
TN:
SF:src\app\shared\components\footer\constants.js
FNF:0
FNH:0
DA:1,4
DA:7,4
LF:2
LH:2
BRF:0
BRH:0
end_of_record
TN:
SF:src\app\shared\components\footer\index.js
FN:5,(anonymous_0)
FN:6,(anonymous_1)
FN:7,(anonymous_2)
FN:9,(anonymous_3)
FN:10,(anonymous_4)
FNF:5
FNH:5
FNDA:1,(anonymous_0)
FNDA:4,(anonymous_1)
FNDA:14,(anonymous_2)
FNDA:1,(anonymous_3)
FNDA:4,(anonymous_4)
DA:5,4
DA:6,1
DA:7,14
DA:9,1
DA:10,1
DA:11,4
DA:19,1
LF:7
LH:7
BRF:0
BRH:0
end_of_record
TN:
SF:src\app\shared\components\header\Header.js
FN:6,(anonymous_0)
FN:13,(anonymous_1)
FNF:2
FNH:2
FNDA:3,(anonymous_0)
FNDA:3,(anonymous_1)
DA:7,3
DA:8,3
DA:9,1
DA:14,3
DA:15,3
DA:33,5
LF:6
LH:6
BRDA:8,0,0,1
BRDA:8,0,1,2
BRDA:18,1,0,3
BRDA:18,1,1,2
BRF:4
BRH:4
end_of_record
TN:
SF:src\app\shared\components\header\constants.js
FNF:0
FNH:0
DA:1,5
LF:1
LH:1
BRF:0
BRH:0
end_of_record
TN:
SF:src\app\shared\components\header\index.js
FN:5,(anonymous_0)
FNF:1
FNH:1
FNDA:1,(anonymous_0)
DA:5,4
DA:6,1
DA:7,1
DA:12,4
LF:4
LH:4
BRF:0
BRH:0
end_of_record
TN:
SF:src\app\shared\components\shimmer\DetailsShimmer.js
FN:5,(anonymous_0)
FNF:1
FNH:1
FNDA:1,(anonymous_0)
DA:5,5
DA:6,1
LF:2
LH:2
BRF:0
BRH:0
end_of_record
TN:
SF:src\app\shared\components\shimmer\Shimmer.js
FN:4,(anonymous_0)
FNF:1
FNH:1
FNDA:2,(anonymous_0)
DA:4,9
DA:5,2
DA:6,2
DA:7,2
DA:8,3
DA:23,2
DA:25,9
DA:30,9
LF:8
LH:8
BRDA:11,0,0,3
BRDA:11,0,1,2
BRDA:13,1,0,3
BRDA:13,1,1,2
BRF:4
BRH:4
end_of_record
TN:
SF:src\app\store\actionTypes.js
FNF:0
FNH:0
DA:1,8
DA:3,8
DA:4,8
DA:6,8
DA:7,8
LF:5
LH:5
BRF:0
BRH:0
end_of_record
TN:
SF:src\app\store\actions.js
FN:5,(anonymous_0)
FN:12,(anonymous_1)
FN:19,(anonymous_2)
FN:20,(anonymous_3)
FN:25,(anonymous_4)
FN:28,(anonymous_5)
FN:38,(anonymous_6)
FN:45,(anonymous_7)
FN:52,(anonymous_8)
FN:53,(anonymous_9)
FN:58,(anonymous_10)
FN:61,(anonymous_11)
FN:70,(anonymous_12)
FN:76,(anonymous_13)
FN:77,(anonymous_14)
FN:78,(anonymous_15)
FN:81,(anonymous_16)
FNF:17
FNH:17
FNDA:3,(anonymous_0)
FNDA:1,(anonymous_1)
FNDA:3,(anonymous_2)
FNDA:3,(anonymous_3)
FNDA:1,(anonymous_4)
FNDA:1,(anonymous_5)
FNDA:3,(anonymous_6)
FNDA:1,(anonymous_7)
FNDA:3,(anonymous_8)
FNDA:3,(anonymous_9)
FNDA:1,(anonymous_10)
FNDA:1,(anonymous_11)
FNDA:1,(anonymous_12)
FNDA:2,(anonymous_13)
FNDA:2,(anonymous_14)
FNDA:1,(anonymous_15)
FNDA:1,(anonymous_16)
DA:5,7
DA:6,3
DA:12,7
DA:13,1
DA:19,7
DA:20,3
DA:21,3
DA:22,3
DA:23,3
DA:24,2
DA:25,2
DA:26,1
DA:27,1
DA:29,1
DA:30,1
DA:31,1
DA:38,7
DA:39,3
DA:45,7
DA:46,1
DA:52,7
DA:53,3
DA:54,3
DA:55,3
DA:56,3
DA:57,2
DA:58,2
DA:59,1
DA:60,1
DA:62,1
DA:63,1
DA:64,1
DA:70,7
DA:71,1
DA:76,7
DA:77,2
DA:78,2
DA:79,1
DA:80,1
DA:82,1
DA:83,1
LF:41
LH:41
BRDA:23,0,0,1
BRDA:23,0,1,2
BRDA:23,1,0,3
BRDA:23,1,1,2
BRDA:56,2,0,1
BRDA:56,2,1,2
BRF:6
BRH:6
end_of_record
TN:
SF:src\app\store\reducer.js
FN:18,(anonymous_0)
FN:30,(anonymous_1)
FN:51,(anonymous_2)
FNF:3
FNH:3
FNDA:9,(anonymous_0)
FNDA:11,(anonymous_1)
FNDA:10,(anonymous_2)
DA:4,3
DA:8,3
DA:13,3
DA:18,3
DA:19,9
DA:21,1
DA:27,8
DA:30,3
DA:31,11
DA:33,1
DA:38,2
DA:48,8
DA:51,3
DA:52,10
DA:54,1
DA:60,1
DA:66,8
LF:17
LH:17
BRDA:18,0,0,7
BRDA:19,1,0,1
BRDA:19,1,1,8
BRDA:30,2,0,7
BRDA:31,3,0,1
BRDA:31,3,1,2
BRDA:31,3,2,8
BRDA:44,4,0,1
BRDA:44,4,1,1
BRDA:51,5,0,7
BRDA:52,6,0,1
BRDA:52,6,1,1
BRDA:52,6,2,8
BRF:13
BRH:13
end_of_record
TN:
SF:src\app\store\store.js
FNF:0
FNH:0
DA:6,1
DA:7,1
DA:9,1
LF:3
LH:3
BRF:0
BRH:0
end_of_record
